C:\Users\aleks\Desktop\sit\WebApplication8\WebApplication8\ClientApp\dist\out-tsc\app\components\card\card.component.js
C:\Users\aleks\Desktop\sit\WebApplication8\WebApplication8\ClientApp\dist\out-tsc\app\components\card\card.component.js.map
C:\Users\aleks\Desktop\sit\WebApplication8\WebApplication8\ClientApp\dist\out-tsc\app\components\card\card.module.js
C:\Users\aleks\Desktop\sit\WebApplication8\WebApplication8\ClientApp\dist\out-tsc\app\components\card\card.module.js.map
C:\Users\aleks\Desktop\sit\WebApplication8\WebApplication8\ClientApp\dist\out-tsc\app\interfaces\Records.js
C:\Users\aleks\Desktop\sit\WebApplication8\WebApplication8\ClientApp\dist\out-tsc\app\interfaces\Records.js.map
C:\Users\aleks\Desktop\sit\WebApplication8\WebApplication8\ClientApp\dist\out-tsc\app\components\datagrid\datagrid.component.js
C:\Users\aleks\Desktop\sit\WebApplication8\WebApplication8\ClientApp\dist\out-tsc\app\components\datagrid\datagrid.component.js.map
C:\Users\aleks\Desktop\sit\WebApplication8\WebApplication8\ClientApp\dist\out-tsc\app\components\datagrid\datagrid.module.js
C:\Users\aleks\Desktop\sit\WebApplication8\WebApplication8\ClientApp\dist\out-tsc\app\components\datagrid\datagrid.module.js.map
C:\Users\aleks\Desktop\sit\WebApplication8\WebApplication8\ClientApp\dist\out-tsc\app\interfaces\Meters.js
C:\Users\aleks\Desktop\sit\WebApplication8\WebApplication8\ClientApp\dist\out-tsc\app\interfaces\Meters.js.map
C:\Users\aleks\Desktop\sit\WebApplication8\WebApplication8\ClientApp\dist\out-tsc\app\components\list\list.component.js
C:\Users\aleks\Desktop\sit\WebApplication8\WebApplication8\ClientApp\dist\out-tsc\app\components\list\list.component.js.map
C:\Users\aleks\Desktop\sit\WebApplication8\WebApplication8\ClientApp\dist\out-tsc\app\components\list\list.module.js
C:\Users\aleks\Desktop\sit\WebApplication8\WebApplication8\ClientApp\dist\out-tsc\app\components\list\list.module.js.map
C:\Users\aleks\Desktop\sit\WebApplication8\WebApplication8\ClientApp\dist\out-tsc\app\components\datepicker\datepicker.component.js
C:\Users\aleks\Desktop\sit\WebApplication8\WebApplication8\ClientApp\dist\out-tsc\app\components\datepicker\datepicker.component.js.map
C:\Users\aleks\Desktop\sit\WebApplication8\WebApplication8\ClientApp\dist\out-tsc\app\components\datepicker\datepicker.module.js
C:\Users\aleks\Desktop\sit\WebApplication8\WebApplication8\ClientApp\dist\out-tsc\app\components\datepicker\datepicker.module.js.map
C:\Users\aleks\Desktop\sit\WebApplication8\WebApplication8\ClientApp\dist\out-tsc\app\app.component.js
C:\Users\aleks\Desktop\sit\WebApplication8\WebApplication8\ClientApp\dist\out-tsc\app\app.component.js.map
C:\Users\aleks\Desktop\sit\WebApplication8\WebApplication8\ClientApp\dist\out-tsc\app\app.module.js
C:\Users\aleks\Desktop\sit\WebApplication8\WebApplication8\ClientApp\dist\out-tsc\app\app.module.js.map
C:\Users\aleks\Desktop\sit\WebApplication8\WebApplication8\ClientApp\dist\out-tsc\environments\environment.js
C:\Users\aleks\Desktop\sit\WebApplication8\WebApplication8\ClientApp\dist\out-tsc\environments\environment.js.map
C:\Users\aleks\Desktop\sit\WebApplication8\WebApplication8\ClientApp\dist\out-tsc\main.js
C:\Users\aleks\Desktop\sit\WebApplication8\WebApplication8\ClientApp\dist\out-tsc\main.js.map
C:\Users\aleks\Desktop\sit\WebApplication8\WebApplication8\ClientApp\dist\out-tsc\polyfills.js
C:\Users\aleks\Desktop\sit\WebApplication8\WebApplication8\ClientApp\dist\out-tsc\polyfills.js.map
C:\Users\aleks\Desktop\sit\WebApplication8\WebApplication8\ClientApp\dist\out-tsc\test.js
C:\Users\aleks\Desktop\sit\WebApplication8\WebApplication8\ClientApp\dist\out-tsc\test.js.map
C:\Users\aleks\Desktop\sit\WebApplication8\WebApplication8\ClientApp\dist\out-tsc\environments\environment.prod.js
C:\Users\aleks\Desktop\sit\WebApplication8\WebApplication8\ClientApp\dist\out-tsc\environments\environment.prod.js.map
